<?xml version="1.0" encoding="UTF-8"?>
<!-- Generated by org.testng.reporters.JUnitReportReporter -->
<testsuite hostname="iMac-de-Hussein.local" failures="0" tests="1" name="auth.Login" time="0.000" errors="0" timestamp="27 sept. 2019 16:03:00 GMT" skipped="1">
  <testcase classname="auth.Login" name="Login" time="0.000">
    <skipped/>
  </testcase> <!-- Login -->
</testsuite> <!-- auth.Login -->
